0 info it worked if it ends with ok
1 verbose cli [ '/Users/Dimitri/.nvm/versions/v6.9.2/bin/node',
1 verbose cli   '/Users/Dimitri/.nvm/versions/v6.9.2/lib/node_modules/npm/bin/npm-cli.js',
1 verbose cli   'start' ]
2 info using npm@3.10.9
3 info using node@v6.9.2
4 verbose run-script [ 'prestart', 'start', 'poststart' ]
5 info lifecycle blog-client@0.0.0~prestart: blog-client@0.0.0
6 silly lifecycle blog-client@0.0.0~prestart: no script for prestart, continuing
7 info lifecycle blog-client@0.0.0~start: blog-client@0.0.0
8 verbose lifecycle blog-client@0.0.0~start: unsafe-perm in lifecycle true
9 verbose lifecycle blog-client@0.0.0~start: PATH: /Users/Dimitri/.nvm/versions/v6.9.2/lib/node_modules/npm/bin/node-gyp-bin:/Users/Dimitri/Documents/Blog/blog/blog-client/node_modules/.bin:/Users/Dimitri/.nvm/versions/v6.9.2/bin:/Users/Dimitri/.rbenv/shims:/Users/Dimitri/.rbenv/versions/2.2.1/bin:/usr/local/bin:/usr/bin:/bin:/usr/sbin:/sbin:/opt/X11/bin:/bin:/usr/local/phantomjs-2.1.1//bin:/usr/local/mqlight-developer-1.0.0.1/:/usr/local/mongodb-osx-x86_64-3.0.2//bin:/Users/Dimitri/Library/Android/sdk/platform-tools
10 verbose lifecycle blog-client@0.0.0~start: CWD: /Users/Dimitri/Documents/Blog/blog/blog-client
11 silly lifecycle blog-client@0.0.0~start: Args: [ '-c', 'ng serve' ]
12 silly lifecycle blog-client@0.0.0~start: Returned: code: 1  signal: null
13 info lifecycle blog-client@0.0.0~start: Failed to exec start script
14 verbose stack Error: blog-client@0.0.0 start: `ng serve`
14 verbose stack Exit status 1
14 verbose stack     at EventEmitter.<anonymous> (/Users/Dimitri/.nvm/versions/v6.9.2/lib/node_modules/npm/lib/utils/lifecycle.js:255:16)
14 verbose stack     at emitTwo (events.js:106:13)
14 verbose stack     at EventEmitter.emit (events.js:191:7)
14 verbose stack     at ChildProcess.<anonymous> (/Users/Dimitri/.nvm/versions/v6.9.2/lib/node_modules/npm/lib/utils/spawn.js:40:14)
14 verbose stack     at emitTwo (events.js:106:13)
14 verbose stack     at ChildProcess.emit (events.js:191:7)
14 verbose stack     at maybeClose (internal/child_process.js:877:16)
14 verbose stack     at Process.ChildProcess._handle.onexit (internal/child_process.js:226:5)
15 verbose pkgid blog-client@0.0.0
16 verbose cwd /Users/Dimitri/Documents/Blog/blog/blog-client
17 error Darwin 16.4.0
18 error argv "/Users/Dimitri/.nvm/versions/v6.9.2/bin/node" "/Users/Dimitri/.nvm/versions/v6.9.2/lib/node_modules/npm/bin/npm-cli.js" "start"
19 error node v6.9.2
20 error npm  v3.10.9
21 error code ELIFECYCLE
22 error blog-client@0.0.0 start: `ng serve`
22 error Exit status 1
23 error Failed at the blog-client@0.0.0 start script 'ng serve'.
23 error Make sure you have the latest version of node.js and npm installed.
23 error If you do, this is most likely a problem with the blog-client package,
23 error not with npm itself.
23 error Tell the author that this fails on your system:
23 error     ng serve
23 error You can get information on how to open an issue for this project with:
23 error     npm bugs blog-client
23 error Or if that isn't available, you can get their info via:
23 error     npm owner ls blog-client
23 error There is likely additional logging output above.
24 verbose exit [ 1, true ]
